#-----------------------------------------------------------
# Webtalk v2019.1 (64-bit)
# SW Build 2552052 on Fri May 24 14:47:09 MDT 2019
# 
# Start of session at: Thu Jun  4 05:31:34 2020
# Process ID: 9158
# Current directory: /home/tomal/Desktop/cmdTest/Test_ProjectUARTEST/Project_UARTEST.sdk/webtalk
# Command line: wbtcv -mode batch -source sdk_webtalk.tcl
# Log file: /home/tomal/Desktop/cmdTest/Test_ProjectUARTEST/Project_UARTEST.sdk/webtalk/webtalk.log
# Journal file: /home/tomal/Desktop/cmdTest/Test_ProjectUARTEST/Project_UARTEST.sdk/webtalk/webtalk.jou
#-----------------------------------------------------------
source sdk_webtalk.tcl
# webtalk_init -webtalk_dir /home/tomal/Desktop/cmdTest/Test_ProjectUARTEST/Project_UARTEST.sdk/webtalk
# webtalk_register_client -client project
# webtalk_add_data -client project -key date_generated -value "2020-06-04 05:31:31" -context "software_version_and_target_device"
# webtalk_add_data -client project -key product_version -value "SDK v2019.1" -context "software_version_and_target_device"
# webtalk_add_data -client project -key build_version -value "2019.1" -context "software_version_and_target_device"
# webtalk_add_data -client project -key os_platform -value "amd64" -context "software_version_and_target_device"
# webtalk_add_data -client project -key registration_id -value "" -context "software_version_and_target_device"
# webtalk_add_data -client project -key tool_flow -value "SDK" -context "software_version_and_target_device"
# webtalk_add_data -client project -key beta -value "false" -context "software_version_and_target_device"
# webtalk_add_data -client project -key route_design -value "NA" -context "software_version_and_target_device"
# webtalk_add_data -client project -key target_family -value "NA" -context "software_version_and_target_device"
# webtalk_add_data -client project -key target_device -value "NA" -context "software_version_and_target_device"
# webtalk_add_data -client project -key target_package -value "NA" -context "software_version_and_target_device"
# webtalk_add_data -client project -key target_speed -value "NA" -context "software_version_and_target_device"
# webtalk_add_data -client project -key random_id -value "f8uhe0n9nbtt19jdm3dtdh8qpn" -context "software_version_and_target_device"
# webtalk_add_data -client project -key project_id -value "2019.1_35" -context "software_version_and_target_device"
# webtalk_add_data -client project -key project_iteration -value "35" -context "software_version_and_target_device"
# webtalk_add_data -client project -key os_name -value "Ubuntu" -context "user_environment"
# webtalk_add_data -client project -key os_release -value "Ubuntu 18.04.3 LTS" -context "user_environment"
# webtalk_add_data -client project -key cpu_name -value "Intel(R) Core(TM) i5-8257U CPU @ 1.40GHz" -context "user_environment"
# webtalk_add_data -client project -key cpu_speed -value "1391.999 MHz" -context "user_environment"
# webtalk_add_data -client project -key total_processors -value "1" -context "user_environment"
# webtalk_add_data -client project -key system_ram -value "4.383 GB" -context "user_environment"
# webtalk_register_client -client sdk
# webtalk_add_data -client sdk -key uid -value "1591194534000" -context "sdk\\\\hardware/1591194534000"
# webtalk_add_data -client sdk -key isZynq -value "true" -context "sdk\\\\hardware/1591194534000"
# webtalk_add_data -client sdk -key isZynqMP -value "false" -context "sdk\\\\hardware/1591194534000"
# webtalk_add_data -client sdk -key Processors -value "3" -context "sdk\\\\hardware/1591194534000"
# webtalk_add_data -client sdk -key VivadoVersion -value "2019.1" -context "sdk\\\\hardware/1591194534000"
# webtalk_add_data -client sdk -key Arch -value "zynq" -context "sdk\\\\hardware/1591194534000"
# webtalk_add_data -client sdk -key Device -value "7z007s" -context "sdk\\\\hardware/1591194534000"
# webtalk_add_data -client sdk -key IsHandoff -value "true" -context "sdk\\\\hardware/1591194534000"
# webtalk_add_data -client sdk -key os -value "NA" -context "sdk\\\\hardware/1591194534000"
# webtalk_add_data -client sdk -key apptemplate -value "NA" -context "sdk\\\\hardware/1591194534000"
# webtalk_add_data -client sdk -key RecordType -value "HWCreation" -context "sdk\\\\hardware/1591194534000"
# webtalk_add_data -client sdk -key uid -value "1591194976000" -context "sdk\\\\bsp/1591194976000"
# webtalk_add_data -client sdk -key hwid -value "1591194534000" -context "sdk\\\\bsp/1591194976000"
# webtalk_add_data -client sdk -key os -value "standalone" -context "sdk\\\\bsp/1591194976000"
# webtalk_add_data -client sdk -key apptemplate -value "hello_world" -context "sdk\\\\bsp/1591194976000"
# webtalk_add_data -client sdk -key RecordType -value "BSPCreation" -context "sdk\\\\bsp/1591194976000"
# webtalk_add_data -client sdk -key uid -value "1591194978000" -context "sdk\\\\application/1591194978000"
# webtalk_add_data -client sdk -key hwid -value "1591194534000" -context "sdk\\\\application/1591194978000"
# webtalk_add_data -client sdk -key bspid -value "1591194976000" -context "sdk\\\\application/1591194978000"
# webtalk_add_data -client sdk -key newbsp -value "true" -context "sdk\\\\application/1591194978000"
# webtalk_add_data -client sdk -key os -value "standalone" -context "sdk\\\\application/1591194978000"
# webtalk_add_data -client sdk -key apptemplate -value "hello_world" -context "sdk\\\\application/1591194978000"
# webtalk_add_data -client sdk -key RecordType -value "APPCreation" -context "sdk\\\\application/1591194978000"
# webtalk_add_data -client sdk -key LangUsed -value "C" -context "sdk\\\\application/1591194978000"
# webtalk_add_data -client sdk -key Procused -value "microblaze" -context "sdk\\\\application/1591194978000"
# webtalk_add_data -client sdk -key projSize -value "102.32421875" -context "sdk\\\\application/1591194978000"
# webtalk_add_data -client sdk -key uid -value "1591194993000" -context "sdk\\\\bsp/1591194993000"
# webtalk_add_data -client sdk -key hwid -value "1591194534000" -context "sdk\\\\bsp/1591194993000"
# webtalk_add_data -client sdk -key os -value "standalone" -context "sdk\\\\bsp/1591194993000"
# webtalk_add_data -client sdk -key apptemplate -value "hello_world" -context "sdk\\\\bsp/1591194993000"
# webtalk_add_data -client sdk -key RecordType -value "BSPCreation" -context "sdk\\\\bsp/1591194993000"
# webtalk_add_data -client sdk -key uid -value "1591194994000" -context "sdk\\\\application/1591194994000"
# webtalk_add_data -client sdk -key hwid -value "1591194534000" -context "sdk\\\\application/1591194994000"
# webtalk_add_data -client sdk -key bspid -value "1591194993000" -context "sdk\\\\application/1591194994000"
# webtalk_add_data -client sdk -key newbsp -value "true" -context "sdk\\\\application/1591194994000"
# webtalk_add_data -client sdk -key os -value "standalone" -context "sdk\\\\application/1591194994000"
# webtalk_add_data -client sdk -key apptemplate -value "hello_world" -context "sdk\\\\application/1591194994000"
# webtalk_add_data -client sdk -key RecordType -value "APPCreation" -context "sdk\\\\application/1591194994000"
# webtalk_add_data -client sdk -key LangUsed -value "C" -context "sdk\\\\application/1591194994000"
# webtalk_add_data -client sdk -key Procused -value "microblaze" -context "sdk\\\\application/1591194994000"
# webtalk_add_data -client sdk -key projSize -value "102.77734375" -context "sdk\\\\application/1591194994000"
# webtalk_add_data -client sdk -key uid -value "1591195004000" -context "sdk\\\\bsp/1591195004000"
# webtalk_add_data -client sdk -key hwid -value "1591194534000" -context "sdk\\\\bsp/1591195004000"
# webtalk_add_data -client sdk -key os -value "standalone" -context "sdk\\\\bsp/1591195004000"
# webtalk_add_data -client sdk -key apptemplate -value "hello_world" -context "sdk\\\\bsp/1591195004000"
# webtalk_add_data -client sdk -key RecordType -value "BSPCreation" -context "sdk\\\\bsp/1591195004000"
# webtalk_add_data -client sdk -key uid -value "1591195006000" -context "sdk\\\\application/1591195006000"
# webtalk_add_data -client sdk -key hwid -value "1591194534000" -context "sdk\\\\application/1591195006000"
# webtalk_add_data -client sdk -key bspid -value "1591195004000" -context "sdk\\\\application/1591195006000"
# webtalk_add_data -client sdk -key newbsp -value "true" -context "sdk\\\\application/1591195006000"
# webtalk_add_data -client sdk -key os -value "standalone" -context "sdk\\\\application/1591195006000"
# webtalk_add_data -client sdk -key apptemplate -value "hello_world" -context "sdk\\\\application/1591195006000"
# webtalk_add_data -client sdk -key RecordType -value "APPCreation" -context "sdk\\\\application/1591195006000"
# webtalk_add_data -client sdk -key LangUsed -value "C" -context "sdk\\\\application/1591195006000"
# webtalk_add_data -client sdk -key Procused -value "ps7_cortexa9" -context "sdk\\\\application/1591195006000"
# webtalk_add_data -client sdk -key projSize -value "251.30859375" -context "sdk\\\\application/1591195006000"
# webtalk_add_data -client sdk -key uid -value "NA" -context "sdk\\\\bsp/1591263091927"
# webtalk_add_data -client sdk -key RecordType -value "ToolUsage" -context "sdk\\\\bsp/1591263091927"
# webtalk_add_data -client sdk -key BootgenCount -value "0" -context "sdk\\\\bsp/1591263091927"
# webtalk_add_data -client sdk -key DebugCount -value "30" -context "sdk\\\\bsp/1591263091927"
# webtalk_add_data -client sdk -key PerfCount -value "0" -context "sdk\\\\bsp/1591263091927"
# webtalk_add_data -client sdk -key FlashCount -value "0" -context "sdk\\\\bsp/1591263091927"
# webtalk_add_data -client sdk -key CrossTriggCount -value "0" -context "sdk\\\\bsp/1591263091927"
# webtalk_add_data -client sdk -key QemuDebugCount -value "0" -context "sdk\\\\bsp/1591263091927"
# webtalk_transmit -clientid 3694507181 -regid "" -xml /home/tomal/Desktop/cmdTest/Test_ProjectUARTEST/Project_UARTEST.sdk/webtalk/usage_statistics_ext_sdk.xml -html /home/tomal/Desktop/cmdTest/Test_ProjectUARTEST/Project_UARTEST.sdk/webtalk/usage_statistics_ext_sdk.html -wdm /home/tomal/Desktop/cmdTest/Test_ProjectUARTEST/Project_UARTEST.sdk/webtalk/sdk_webtalk.wdm -intro "<H3>SDK Usage Report</H3><BR>"
# webtalk_terminate
INFO: [Common 17-206] Exiting Webtalk at Thu Jun  4 05:31:34 2020...
