#-----------------------------------------------------------
# updatemem v2017.4 (64-bit)
# SW Build 2086221 on Fri Dec 15 20:54:30 MST 2017
# 
# Start of session at: Sat Oct  3 18:18:29 2020
# Process ID: 22150
# Current directory: /home/tomal/Desktop/BUILDTEEcode/2020-ectf-insecure-example/tools
# Command line: updatemem -mode batch -source /opt/Xilinx/SDK/2017.4/scripts/updatemem/main.tcl -notrace -tclargs -meminfo ..//mb/test/system_wrapper.mmi -data ..//mb/drm_audio_fw/Debug/drm_audio_fw.elf -proc system_i/microblaze_0 -bit ..//mb/test/system_wrapper.bit -out device1/download.bit -force
# Log file: /home/tomal/Desktop/BUILDTEEcode/2020-ectf-insecure-example/tools/updatemem.log
# Journal file: /home/tomal/Desktop/BUILDTEEcode/2020-ectf-insecure-example/tools/updatemem.jou
#-----------------------------------------------------------
source /opt/Xilinx/SDK/2017.4/scripts/updatemem/main.tcl -notrace
 Loading bitfile ..//mb/test/system_wrapper.bit
Loading data files...
Updating memory content...
Creating bitstream...
Bitstream compression saved 8416960 bits.
Writing bitstream device1/download.bit...
  update_mem: Time (s): cpu = 00:00:08 ; elapsed = 00:00:09 . Memory (MB): peak = 915.418 ; gain = 405.164 ; free physical = 781 ; free virtual = 14226
INFO: [Common 17-206] Exiting updatemem at Sat Oct  3 18:18:38 2020...
